<?xml version="1.0" encoding="UTF-8"?>
<!-- Generated by org.testng.reporters.JUnitReportReporter -->
<testsuite hostname="Harika" failures="0" tests="1" name="day3.ValidateJsonData" time="1.832" errors="0" timestamp="2023-11-16T14:03:19 CST" skipped="0">
  <testcase classname="day3.ValidateJsonData" name="testJsonData1" time="1.832"/>
  <system-out/>
</testsuite> <!-- day3.ValidateJsonData -->
