<?xml version="1.0" encoding="UTF-8"?>
<!-- Generated by org.testng.reporters.JUnitReportReporter -->
<testsuite hostname="Harika" failures="0" tests="4" name="day1.Httpreq" time="5.879" errors="0" timestamp="2023-11-14T12:10:32 CST" skipped="0">
  <testcase classname="day1.Httpreq" name="delete" time="3.819"/>
  <system-out/>
  <testcase classname="day1.Httpreq" name="updateuser" time="0.338"/>
  <system-out/>
  <testcase classname="day1.Httpreq" name="createUser" time="1.623"/>
  <system-out/>
  <testcase classname="day1.Httpreq" name="getusers" time="0.099"/>
  <system-out/>
</testsuite> <!-- day1.Httpreq -->
