<?xml version="1.0" encoding="UTF-8"?>
<!-- Generated by org.testng.reporters.JUnitReportReporter -->
<testsuite hostname="Harika" failures="0" tests="1" name="day1.Postreqbodyways" time="3.871" errors="0" timestamp="2023-11-15T09:14:04 CST" skipped="0">
  <testcase classname="day1.Postreqbodyways" name="pojoclass" time="3.871"/>
  <system-out/>
</testsuite> <!-- day1.Postreqbodyways -->
