<?xml version="1.0" encoding="UTF-8"?>
<!-- Generated by org.testng.reporters.JUnitReportReporter -->
<testsuite hostname="Harika" failures="0" tests="1" name="day2.QueryandPathparams" time="2.735" errors="0" timestamp="2023-11-15T10:23:40 CST" skipped="0">
  <testcase classname="day2.QueryandPathparams" name="queryPathParams" time="2.735"/>
  <system-out/>
</testsuite> <!-- day2.QueryandPathparams -->
