<?xml version="1.0" encoding="UTF-8"?>
<!-- Generated by org.testng.reporters.JUnitReportReporter -->
<testsuite hostname="Harika" failures="0" tests="1" name="day2.CookiesandHeaders" time="2.178" errors="0" timestamp="2023-11-15T11:21:41 CST" skipped="0">
  <testcase classname="day2.CookiesandHeaders" name="headerslog" time="2.178"/>
  <system-out/>
</testsuite> <!-- day2.CookiesandHeaders -->
